<?xml version="1.0" encoding="UTF-8"?>
<!-- Generated by org.testng.reporters.JUnitXMLReporter -->
<testsuite ignored="0" hostname="MSI" failures="0" tests="6" name="Default test" time="45.476" errors="0" timestamp="2023-08-01T22:26:00 CDT">
  <testcase classname="com.hrms.testscripts.TC001" name="tc001" time="8.937"/>
  <testcase classname="testngExamples.Excel_Wd_Testng$Exp_Wd_testng" name="tc001" time="12.991"/>
  <testcase classname="com.hrms.testscripts.TC002" name="tc002" time="11.709"/>
  <testcase classname="testngExamples.Exp_testng" name="delemp" time="0.001"/>
  <testcase classname="testngExamples.Exp_testng" name="addemp" time="0.001"/>
  <testcase classname="testngExamples.Exp_Wd_testng" name="tc001" time="8.635"/>
</testsuite> <!-- Default test -->
