<?xml version="1.0" encoding="UTF-8"?>
<testng-results total="2" passed="2" failed="0" skipped="0">
  <reporter-output>
  </reporter-output>
  <suite started-at="2023-08-02T13:14:57Z" name="Suite" finished-at="2023-08-02T13:14:57Z" duration-ms="13">
    <groups>
    </groups>
    <test started-at="2023-08-02T13:14:57Z" name="Test" finished-at="2023-08-02T13:14:57Z" duration-ms="13">
      <class name="testngExamples.Exp_testng">
        <test-method is-config="true" signature="login()[pri:0, instance:testngExamples.Exp_testng@4d910fd6]" started-at="2023-08-02T08:14:57Z" name="login" finished-at="2023-08-02T08:14:57Z" duration-ms="6" status="PASS">
          <reporter-output>
          </reporter-output>
        </test-method> <!-- login -->
        <test-method is-config="true" signature="logout()[pri:0, instance:testngExamples.Exp_testng@4d910fd6]" started-at="2023-08-02T08:14:57Z" name="logout" finished-at="2023-08-02T08:14:57Z" duration-ms="0" status="PASS">
          <reporter-output>
          </reporter-output>
        </test-method> <!-- logout -->
        <test-method signature="delemp()[pri:0, instance:testngExamples.Exp_testng@4d910fd6]" started-at="2023-08-02T08:14:57Z" name="delemp" finished-at="2023-08-02T08:14:57Z" duration-ms="0" status="PASS">
          <reporter-output>
          </reporter-output>
        </test-method> <!-- delemp -->
        <test-method is-config="true" signature="login()[pri:0, instance:testngExamples.Exp_testng@4d910fd6]" started-at="2023-08-02T08:14:57Z" name="login" finished-at="2023-08-02T08:14:57Z" duration-ms="0" status="PASS">
          <reporter-output>
          </reporter-output>
        </test-method> <!-- login -->
        <test-method signature="addemp()[pri:0, instance:testngExamples.Exp_testng@4d910fd6]" started-at="2023-08-02T08:14:57Z" name="addemp" finished-at="2023-08-02T08:14:57Z" duration-ms="0" status="PASS">
          <reporter-output>
          </reporter-output>
        </test-method> <!-- addemp -->
        <test-method is-config="true" signature="logout()[pri:0, instance:testngExamples.Exp_testng@4d910fd6]" started-at="2023-08-02T08:14:57Z" name="logout" finished-at="2023-08-02T08:14:57Z" duration-ms="0" status="PASS">
          <reporter-output>
          </reporter-output>
        </test-method> <!-- logout -->
      </class> <!-- testngExamples.Exp_testng -->
    </test> <!-- Test -->
  </suite> <!-- Suite -->
</testng-results>
